# JRE version: Java(TM) SE Runtime Environment (17.0.9+11) (build 17.0.9+11-LTS-201)
# Java VM: Java HotSpot(TM) 64-Bit Server VM (17.0.9+11-LTS-201, mixed mode, sharing, tiered, compressed oops, compressed class ptrs, g1 gc, windows-amd64)
GC Precious Log:
 CPUs: 4 total, 4 available
 Memory: 8076M
 Large Page Support: Disabled
 NUMA Support: Disabled
 Compressed Oops: Enabled (32-bit)
 Heap Region Size: 1M
 Heap Min Capacity: 8M
 Heap Initial Capacity: 128M
 Heap Max Capacity: 2020M
 Pre-touch: Disabled
 Parallel Workers: 4
 Concurrent Workers: 1
 Concurrent Refinement Workers: 4
 Periodic GC: Disabled
Heap:
 garbage-first heap   total 168960K, used 108157K [0x0000000081c00000, 0x0000000100000000)
  region size 1024K, 12 young (12288K), 6 survivors (6144K)
 Metaspace       used 14895K, committed 15104K, reserved 1114112K
  class space    used 1539K, committed 1664K, reserved 1048576K
GC Heap History (12 events):
Event: 2.396 GC heap before
{Heap before GC invocations=0 (full 0):
 garbage-first heap   total 131072K, used 47104K [0x0000000081c00000, 0x0000000100000000)
  region size 1024K, 13 young (13312K), 0 survivors (0K)
 Metaspace       used 9081K, committed 9216K, reserved 1114112K
  class space    used 980K, committed 1024K, reserved 1048576K
}
Event: 2.407 GC heap after
{Heap after GC invocations=1 (full 0):
 garbage-first heap   total 131072K, used 36318K [0x0000000081c00000, 0x0000000100000000)
  region size 1024K, 2 young (2048K), 2 survivors (2048K)
 Metaspace       used 9081K, committed 9216K, reserved 1114112K
  class space    used 980K, committed 1024K, reserved 1048576K
}
Event: 2.828 GC heap before
{Heap before GC invocations=1 (full 0):
 garbage-first heap   total 131072K, used 58846K [0x0000000081c00000, 0x0000000100000000)
  region size 1024K, 17 young (17408K), 2 survivors (2048K)
 Metaspace       used 9335K, committed 9600K, reserved 1114112K
  class space    used 1024K, committed 1152K, reserved 1048576K
}
Event: 2.835 GC heap after
{Heap after GC invocations=2 (full 0):
 garbage-first heap   total 131072K, used 45235K [0x0000000081c00000, 0x0000000100000000)
  region size 1024K, 1 young (1024K), 1 survivors (1024K)
 Metaspace       used 9335K, committed 9600K, reserved 1114112K
  class space    used 1024K, committed 1152K, reserved 1048576K
}
Event: 3.738 GC heap before
{Heap before GC invocations=2 (full 0):
 garbage-first heap   total 131072K, used 71859K [0x0000000081c00000, 0x0000000100000000)
  region size 1024K, 16 young (16384K), 1 survivors (1024K)
 Metaspace       used 11806K, committed 12032K, reserved 1114112K
  class space    used 1340K, committed 1472K, reserved 1048576K
}
Event: 3.743 GC heap after
{Heap after GC invocations=3 (full 0):
 garbage-first heap   total 131072K, used 58091K [0x0000000081c00000, 0x0000000100000000)
  region size 1024K, 2 young (2048K), 2 survivors (2048K)
 Metaspace       used 11806K, committed 12032K, reserved 1114112K
  class space    used 1340K, committed 1472K, reserved 1048576K
}
Event: 3.790 GC heap before
{Heap before GC invocations=3 (full 0):
 garbage-first heap   total 131072K, used 63211K [0x0000000081c00000, 0x0000000100000000)
  region size 1024K, 4 young (4096K), 2 survivors (2048K)
 Metaspace       used 11857K, committed 12096K, reserved 1114112K
  class space    used 1344K, committed 1472K, reserved 1048576K
}
Event: 3.793 GC heap after
{Heap after GC invocations=4 (full 0):
 garbage-first heap   total 131072K, used 62097K [0x0000000081c00000, 0x0000000100000000)
  region size 1024K, 2 young (2048K), 2 survivors (2048K)
 Metaspace       used 11857K, committed 12096K, reserved 1114112K
  class space    used 1344K, committed 1472K, reserved 1048576K
}
Event: 9.448 GC heap before
{Heap before GC invocations=5 (full 0):
 garbage-first heap   total 131072K, used 87697K [0x0000000081c00000, 0x0000000100000000)
  region size 1024K, 28 young (28672K), 2 survivors (2048K)
 Metaspace       used 13491K, committed 13760K, reserved 1114112K
  class space    used 1496K, committed 1600K, reserved 1048576K
}
Event: 9.456 GC heap after
{Heap after GC invocations=6 (full 0):
 garbage-first heap   total 131072K, used 64202K [0x0000000081c00000, 0x0000000100000000)
  region size 1024K, 3 young (3072K), 3 survivors (3072K)
 Metaspace       used 13491K, committed 13760K, reserved 1114112K
  class space    used 1496K, committed 1600K, reserved 1048576K
}
Event: 199.753 GC heap before
{Heap before GC invocations=7 (full 0):
 garbage-first heap   total 168960K, used 141002K [0x0000000081c00000, 0x0000000100000000)
  region size 1024K, 45 young (46080K), 3 survivors (3072K)
 Metaspace       used 14881K, committed 15104K, reserved 1114112K
  class space    used 1539K, committed 1664K, reserved 1048576K
}
Event: 199.766 GC heap after
{Heap after GC invocations=8 (full 0):
 garbage-first heap   total 168960K, used 103037K [0x0000000081c00000, 0x0000000100000000)
  region size 1024K, 6 young (6144K), 6 survivors (6144K)
 Metaspace       used 14881K, committed 15104K, reserved 1114112K
  class space    used 1539K, committed 1664K, reserved 1048576K
}

