# JRE version: Java(TM) SE Runtime Environment (17.0.9+11) (build 17.0.9+11-LTS-201)
# Java VM: Java HotSpot(TM) 64-Bit Server VM (17.0.9+11-LTS-201, mixed mode, sharing, tiered, compressed oops, compressed class ptrs, g1 gc, windows-amd64)
GC Precious Log:
 CPUs: 4 total, 4 available
 Memory: 8076M
 Large Page Support: Disabled
 NUMA Support: Disabled
 Compressed Oops: Enabled (32-bit)
 Heap Region Size: 1M
 Heap Min Capacity: 8M
 Heap Initial Capacity: 128M
 Heap Max Capacity: 2020M
 Pre-touch: Disabled
 Parallel Workers: 4
 Concurrent Workers: 1
 Concurrent Refinement Workers: 4
 Periodic GC: Disabled
Heap:
 garbage-first heap   total 478208K, used 467271K [0x0000000081c00000, 0x0000000100000000)
  region size 1024K, 3 young (3072K), 1 survivors (1024K)
 Metaspace       used 14660K, committed 14848K, reserved 1114112K
  class space    used 1612K, committed 1728K, reserved 1048576K
GC Heap History (20 events):
Event: 19.423 GC heap before
{Heap before GC invocations=39 (full 0):
 garbage-first heap   total 358400K, used 219616K [0x0000000081c00000, 0x0000000100000000)
  region size 1024K, 4 young (4096K), 3 survivors (3072K)
 Metaspace       used 14479K, committed 14720K, reserved 1114112K
  class space    used 1612K, committed 1728K, reserved 1048576K
}
Event: 19.429 GC heap after
{Heap after GC invocations=40 (full 0):
 garbage-first heap   total 358400K, used 207011K [0x0000000081c00000, 0x0000000100000000)
  region size 1024K, 3 young (3072K), 3 survivors (3072K)
 Metaspace       used 14479K, committed 14720K, reserved 1114112K
  class space    used 1612K, committed 1728K, reserved 1048576K
}
Event: 19.490 GC heap before
{Heap before GC invocations=41 (full 0):
 garbage-first heap   total 358400K, used 219299K [0x0000000081c00000, 0x0000000100000000)
  region size 1024K, 4 young (4096K), 3 survivors (3072K)
 Metaspace       used 14490K, committed 14720K, reserved 1114112K
  class space    used 1612K, committed 1728K, reserved 1048576K
}
Event: 19.494 GC heap after
{Heap after GC invocations=42 (full 0):
 garbage-first heap   total 358400K, used 207113K [0x0000000081c00000, 0x0000000100000000)
  region size 1024K, 3 young (3072K), 3 survivors (3072K)
 Metaspace       used 14490K, committed 14720K, reserved 1114112K
  class space    used 1612K, committed 1728K, reserved 1048576K
}
Event: 19.554 GC heap before
{Heap before GC invocations=43 (full 0):
 garbage-first heap   total 358400K, used 219401K [0x0000000081c00000, 0x0000000100000000)
  region size 1024K, 4 young (4096K), 3 survivors (3072K)
 Metaspace       used 14492K, committed 14720K, reserved 1114112K
  class space    used 1612K, committed 1728K, reserved 1048576K
}
Event: 19.563 GC heap after
{Heap after GC invocations=44 (full 0):
 garbage-first heap   total 358400K, used 207115K [0x0000000081c00000, 0x0000000100000000)
  region size 1024K, 3 young (3072K), 3 survivors (3072K)
 Metaspace       used 14492K, committed 14720K, reserved 1114112K
  class space    used 1612K, committed 1728K, reserved 1048576K
}
Event: 19.619 GC heap before
{Heap before GC invocations=45 (full 0):
 garbage-first heap   total 358400K, used 219403K [0x0000000081c00000, 0x0000000100000000)
  region size 1024K, 4 young (4096K), 3 survivors (3072K)
 Metaspace       used 14504K, committed 14720K, reserved 1114112K
  class space    used 1612K, committed 1728K, reserved 1048576K
}
Event: 19.627 GC heap after
{Heap after GC invocations=46 (full 0):
 garbage-first heap   total 358400K, used 207088K [0x0000000081c00000, 0x0000000100000000)
  region size 1024K, 3 young (3072K), 3 survivors (3072K)
 Metaspace       used 14504K, committed 14720K, reserved 1114112K
  class space    used 1612K, committed 1728K, reserved 1048576K
}
Event: 19.695 GC heap before
{Heap before GC invocations=47 (full 0):
 garbage-first heap   total 358400K, used 219376K [0x0000000081c00000, 0x0000000100000000)
  region size 1024K, 4 young (4096K), 3 survivors (3072K)
 Metaspace       used 14516K, committed 14720K, reserved 1114112K
  class space    used 1612K, committed 1728K, reserved 1048576K
}
Event: 19.702 GC heap after
{Heap after GC invocations=48 (full 0):
 garbage-first heap   total 358400K, used 207027K [0x0000000081c00000, 0x0000000100000000)
  region size 1024K, 3 young (3072K), 3 survivors (3072K)
 Metaspace       used 14516K, committed 14720K, reserved 1114112K
  class space    used 1612K, committed 1728K, reserved 1048576K
}
Event: 19.833 GC heap before
{Heap before GC invocations=49 (full 0):
 garbage-first heap   total 358400K, used 219315K [0x0000000081c00000, 0x0000000100000000)
  region size 1024K, 4 young (4096K), 3 survivors (3072K)
 Metaspace       used 14517K, committed 14720K, reserved 1114112K
  class space    used 1612K, committed 1728K, reserved 1048576K
}
Event: 19.840 GC heap after
{Heap after GC invocations=50 (full 0):
 garbage-first heap   total 358400K, used 207180K [0x0000000081c00000, 0x0000000100000000)
  region size 1024K, 2 young (2048K), 2 survivors (2048K)
 Metaspace       used 14517K, committed 14720K, reserved 1114112K
  class space    used 1612K, committed 1728K, reserved 1048576K
}
Event: 19.899 GC heap before
{Heap before GC invocations=51 (full 0):
 garbage-first heap   total 358400K, used 219468K [0x0000000081c00000, 0x0000000100000000)
  region size 1024K, 3 young (3072K), 2 survivors (2048K)
 Metaspace       used 14519K, committed 14720K, reserved 1114112K
  class space    used 1612K, committed 1728K, reserved 1048576K
}
Event: 19.902 GC heap after
{Heap after GC invocations=52 (full 0):
 garbage-first heap   total 358400K, used 207113K [0x0000000081c00000, 0x0000000100000000)
  region size 1024K, 2 young (2048K), 2 survivors (2048K)
 Metaspace       used 14519K, committed 14720K, reserved 1114112K
  class space    used 1612K, committed 1728K, reserved 1048576K
}
Event: 19.988 GC heap before
{Heap before GC invocations=53 (full 0):
 garbage-first heap   total 370688K, used 219401K [0x0000000081c00000, 0x0000000100000000)
  region size 1024K, 3 young (3072K), 2 survivors (2048K)
 Metaspace       used 14523K, committed 14720K, reserved 1114112K
  class space    used 1612K, committed 1728K, reserved 1048576K
}
Event: 19.991 GC heap after
{Heap after GC invocations=54 (full 0):
 garbage-first heap   total 370688K, used 207070K [0x0000000081c00000, 0x0000000100000000)
  region size 1024K, 1 young (1024K), 1 survivors (1024K)
 Metaspace       used 14523K, committed 14720K, reserved 1114112K
  class space    used 1612K, committed 1728K, reserved 1048576K
}
Event: 20.094 GC heap before
{Heap before GC invocations=55 (full 0):
 garbage-first heap   total 370688K, used 225502K [0x0000000081c00000, 0x0000000100000000)
  region size 1024K, 2 young (2048K), 1 survivors (1024K)
 Metaspace       used 14535K, committed 14784K, reserved 1114112K
  class space    used 1612K, committed 1728K, reserved 1048576K
}
Event: 20.097 GC heap after
{Heap after GC invocations=56 (full 0):
 garbage-first heap   total 370688K, used 213393K [0x0000000081c00000, 0x0000000100000000)
  region size 1024K, 1 young (1024K), 1 survivors (1024K)
 Metaspace       used 14535K, committed 14784K, reserved 1114112K
  class space    used 1612K, committed 1728K, reserved 1048576K
}
Event: 20.202 GC heap before
{Heap before GC invocations=57 (full 0):
 garbage-first heap   total 380928K, used 225681K [0x0000000081c00000, 0x0000000100000000)
  region size 1024K, 2 young (2048K), 1 survivors (1024K)
 Metaspace       used 14552K, committed 14784K, reserved 1114112K
  class space    used 1612K, committed 1728K, reserved 1048576K
}
Event: 20.205 GC heap after
{Heap after GC invocations=58 (full 0):
 garbage-first heap   total 380928K, used 207248K [0x0000000081c00000, 0x0000000100000000)
  region size 1024K, 1 young (1024K), 1 survivors (1024K)
 Metaspace       used 14552K, committed 14784K, reserved 1114112K
  class space    used 1612K, committed 1728K, reserved 1048576K
}

