# JRE version: Java(TM) SE Runtime Environment (17.0.9+11) (build 17.0.9+11-LTS-201)
# Java VM: Java HotSpot(TM) 64-Bit Server VM (17.0.9+11-LTS-201, mixed mode, sharing, tiered, compressed oops, compressed class ptrs, g1 gc, windows-amd64)
GC Precious Log:
 CPUs: 4 total, 4 available
 Memory: 8076M
 Large Page Support: Disabled
 NUMA Support: Disabled
 Compressed Oops: Enabled (32-bit)
 Heap Region Size: 1M
 Heap Min Capacity: 8M
 Heap Initial Capacity: 128M
 Heap Max Capacity: 2020M
 Pre-touch: Disabled
 Parallel Workers: 4
 Concurrent Workers: 1
 Concurrent Refinement Workers: 4
 Periodic GC: Disabled
Heap:
 garbage-first heap   total 507904K, used 495675K [0x0000000081c00000, 0x0000000100000000)
  region size 1024K, 2 young (2048K), 1 survivors (1024K)
 Metaspace       used 14545K, committed 14784K, reserved 1114112K
  class space    used 1612K, committed 1728K, reserved 1048576K
GC Heap History (20 events):
Event: 20.188 GC heap before
{Heap before GC invocations=39 (full 0):
 garbage-first heap   total 425984K, used 213284K [0x0000000081c00000, 0x0000000100000000)
  region size 1024K, 5 young (5120K), 3 survivors (3072K)
 Metaspace       used 14356K, committed 14592K, reserved 1114112K
  class space    used 1612K, committed 1728K, reserved 1048576K
}
Event: 20.192 GC heap after
{Heap after GC invocations=40 (full 0):
 garbage-first heap   total 425984K, used 199891K [0x0000000081c00000, 0x0000000100000000)
  region size 1024K, 3 young (3072K), 3 survivors (3072K)
 Metaspace       used 14356K, committed 14592K, reserved 1114112K
  class space    used 1612K, committed 1728K, reserved 1048576K
}
Event: 20.226 GC heap before
{Heap before GC invocations=41 (full 0):
 garbage-first heap   total 425984K, used 212179K [0x0000000081c00000, 0x0000000100000000)
  region size 1024K, 4 young (4096K), 3 survivors (3072K)
 Metaspace       used 14358K, committed 14592K, reserved 1114112K
  class space    used 1612K, committed 1728K, reserved 1048576K
}
Event: 20.230 GC heap after
{Heap after GC invocations=42 (full 0):
 garbage-first heap   total 425984K, used 200163K [0x0000000081c00000, 0x0000000100000000)
  region size 1024K, 3 young (3072K), 3 survivors (3072K)
 Metaspace       used 14358K, committed 14592K, reserved 1114112K
  class space    used 1612K, committed 1728K, reserved 1048576K
}
Event: 20.291 GC heap before
{Heap before GC invocations=43 (full 0):
 garbage-first heap   total 425984K, used 212451K [0x0000000081c00000, 0x0000000100000000)
  region size 1024K, 4 young (4096K), 3 survivors (3072K)
 Metaspace       used 14372K, committed 14592K, reserved 1114112K
  class space    used 1612K, committed 1728K, reserved 1048576K
}
Event: 20.294 GC heap after
{Heap after GC invocations=44 (full 0):
 garbage-first heap   total 425984K, used 199904K [0x0000000081c00000, 0x0000000100000000)
  region size 1024K, 3 young (3072K), 3 survivors (3072K)
 Metaspace       used 14372K, committed 14592K, reserved 1114112K
  class space    used 1612K, committed 1728K, reserved 1048576K
}
Event: 20.329 GC heap before
{Heap before GC invocations=45 (full 0):
 garbage-first heap   total 425984K, used 212192K [0x0000000081c00000, 0x0000000100000000)
  region size 1024K, 4 young (4096K), 3 survivors (3072K)
 Metaspace       used 14381K, committed 14592K, reserved 1114112K
  class space    used 1612K, committed 1728K, reserved 1048576K
}
Event: 20.333 GC heap after
{Heap after GC invocations=46 (full 0):
 garbage-first heap   total 425984K, used 199804K [0x0000000081c00000, 0x0000000100000000)
  region size 1024K, 3 young (3072K), 3 survivors (3072K)
 Metaspace       used 14381K, committed 14592K, reserved 1114112K
  class space    used 1612K, committed 1728K, reserved 1048576K
}
Event: 20.377 GC heap before
{Heap before GC invocations=47 (full 0):
 garbage-first heap   total 425984K, used 213116K [0x0000000081c00000, 0x0000000100000000)
  region size 1024K, 5 young (5120K), 3 survivors (3072K)
 Metaspace       used 14384K, committed 14592K, reserved 1114112K
  class space    used 1612K, committed 1728K, reserved 1048576K
}
Event: 20.381 GC heap after
{Heap after GC invocations=48 (full 0):
 garbage-first heap   total 425984K, used 200041K [0x0000000081c00000, 0x0000000100000000)
  region size 1024K, 2 young (2048K), 2 survivors (2048K)
 Metaspace       used 14384K, committed 14592K, reserved 1114112K
  class space    used 1612K, committed 1728K, reserved 1048576K
}
Event: 20.426 GC heap before
{Heap before GC invocations=49 (full 0):
 garbage-first heap   total 425984K, used 212329K [0x0000000081c00000, 0x0000000100000000)
  region size 1024K, 3 young (3072K), 2 survivors (2048K)
 Metaspace       used 14386K, committed 14592K, reserved 1114112K
  class space    used 1612K, committed 1728K, reserved 1048576K
}
Event: 20.429 GC heap after
{Heap after GC invocations=50 (full 0):
 garbage-first heap   total 425984K, used 199983K [0x0000000081c00000, 0x0000000100000000)
  region size 1024K, 2 young (2048K), 2 survivors (2048K)
 Metaspace       used 14386K, committed 14592K, reserved 1114112K
  class space    used 1612K, committed 1728K, reserved 1048576K
}
Event: 20.506 GC heap before
{Heap before GC invocations=51 (full 0):
 garbage-first heap   total 425984K, used 219439K [0x0000000081c00000, 0x0000000100000000)
  region size 1024K, 4 young (4096K), 2 survivors (2048K)
 Metaspace       used 14396K, committed 14592K, reserved 1114112K
  class space    used 1612K, committed 1728K, reserved 1048576K
}
Event: 20.509 GC heap after
{Heap after GC invocations=52 (full 0):
 garbage-first heap   total 425984K, used 206088K [0x0000000081c00000, 0x0000000100000000)
  region size 1024K, 1 young (1024K), 1 survivors (1024K)
 Metaspace       used 14396K, committed 14592K, reserved 1114112K
  class space    used 1612K, committed 1728K, reserved 1048576K
}
Event: 20.601 GC heap before
{Heap before GC invocations=53 (full 0):
 garbage-first heap   total 425984K, used 218376K [0x0000000081c00000, 0x0000000100000000)
  region size 1024K, 2 young (2048K), 1 survivors (1024K)
 Metaspace       used 14407K, committed 14656K, reserved 1114112K
  class space    used 1612K, committed 1728K, reserved 1048576K
}
Event: 20.603 GC heap after
{Heap after GC invocations=54 (full 0):
 garbage-first heap   total 425984K, used 200116K [0x0000000081c00000, 0x0000000100000000)
  region size 1024K, 1 young (1024K), 1 survivors (1024K)
 Metaspace       used 14407K, committed 14656K, reserved 1114112K
  class space    used 1612K, committed 1728K, reserved 1048576K
}
Event: 20.686 GC heap before
{Heap before GC invocations=55 (full 0):
 garbage-first heap   total 425984K, used 218548K [0x0000000081c00000, 0x0000000100000000)
  region size 1024K, 2 young (2048K), 1 survivors (1024K)
 Metaspace       used 14426K, committed 14656K, reserved 1114112K
  class space    used 1612K, committed 1728K, reserved 1048576K
}
Event: 20.688 GC heap after
{Heap after GC invocations=56 (full 0):
 garbage-first heap   total 425984K, used 206249K [0x0000000081c00000, 0x0000000100000000)
  region size 1024K, 1 young (1024K), 1 survivors (1024K)
 Metaspace       used 14426K, committed 14656K, reserved 1114112K
  class space    used 1612K, committed 1728K, reserved 1048576K
}
Event: 21.657 GC heap before
{Heap before GC invocations=57 (full 0):
 garbage-first heap   total 425984K, used 417193K [0x0000000081c00000, 0x0000000100000000)
  region size 1024K, 4 young (4096K), 1 survivors (1024K)
 Metaspace       used 14517K, committed 14720K, reserved 1114112K
  class space    used 1612K, committed 1728K, reserved 1048576K
}
Event: 21.658 GC heap after
{Heap after GC invocations=58 (full 0):
 garbage-first heap   total 425984K, used 396725K [0x0000000081c00000, 0x0000000100000000)
  region size 1024K, 1 young (1024K), 1 survivors (1024K)
 Metaspace       used 14517K, committed 14720K, reserved 1114112K
  class space    used 1612K, committed 1728K, reserved 1048576K
}

