# JRE version: Java(TM) SE Runtime Environment (17.0.9+11) (build 17.0.9+11-LTS-201)
# Java VM: Java HotSpot(TM) 64-Bit Server VM (17.0.9+11-LTS-201, mixed mode, sharing, tiered, compressed oops, compressed class ptrs, g1 gc, windows-amd64)
GC Precious Log:
 CPUs: 4 total, 4 available
 Memory: 8076M
 Large Page Support: Disabled
 NUMA Support: Disabled
 Compressed Oops: Enabled (32-bit)
 Heap Region Size: 1M
 Heap Min Capacity: 8M
 Heap Initial Capacity: 128M
 Heap Max Capacity: 2020M
 Pre-touch: Disabled
 Parallel Workers: 4
 Concurrent Workers: 1
 Concurrent Refinement Workers: 4
 Periodic GC: Disabled
Heap:
 garbage-first heap   total 352256K, used 197101K [0x0000000081c00000, 0x0000000100000000)
  region size 1024K, 2 young (2048K), 2 survivors (2048K)
 Metaspace       used 14575K, committed 14784K, reserved 1114112K
  class space    used 1612K, committed 1728K, reserved 1048576K
GC Heap History (20 events):
Event: 18.443 GC heap after
{Heap after GC invocations=31 (full 0):
 garbage-first heap   total 300032K, used 163099K [0x0000000081c00000, 0x0000000100000000)
  region size 1024K, 3 young (3072K), 3 survivors (3072K)
 Metaspace       used 14503K, committed 14720K, reserved 1114112K
  class space    used 1612K, committed 1728K, reserved 1048576K
}
Event: 18.666 GC heap before
{Heap before GC invocations=32 (full 0):
 garbage-first heap   total 331776K, used 197915K [0x0000000081c00000, 0x0000000100000000)
  region size 1024K, 5 young (5120K), 3 survivors (3072K)
 Metaspace       used 14511K, committed 14720K, reserved 1114112K
  class space    used 1612K, committed 1728K, reserved 1048576K
}
Event: 18.672 GC heap after
{Heap after GC invocations=33 (full 0):
 garbage-first heap   total 331776K, used 190878K [0x0000000081c00000, 0x0000000100000000)
  region size 1024K, 3 young (3072K), 3 survivors (3072K)
 Metaspace       used 14511K, committed 14720K, reserved 1114112K
  class space    used 1612K, committed 1728K, reserved 1048576K
}
Event: 18.709 GC heap before
{Heap before GC invocations=34 (full 0):
 garbage-first heap   total 332800K, used 198046K [0x0000000081c00000, 0x0000000100000000)
  region size 1024K, 5 young (5120K), 3 survivors (3072K)
 Metaspace       used 14516K, committed 14720K, reserved 1114112K
  class space    used 1612K, committed 1728K, reserved 1048576K
}
Event: 18.714 GC heap after
{Heap after GC invocations=35 (full 0):
 garbage-first heap   total 332800K, used 197136K [0x0000000081c00000, 0x0000000100000000)
  region size 1024K, 3 young (3072K), 3 survivors (3072K)
 Metaspace       used 14516K, committed 14720K, reserved 1114112K
  class space    used 1612K, committed 1728K, reserved 1048576K
}
Event: 18.759 GC heap before
{Heap before GC invocations=36 (full 0):
 garbage-first heap   total 343040K, used 204304K [0x0000000081c00000, 0x0000000100000000)
  region size 1024K, 5 young (5120K), 3 survivors (3072K)
 Metaspace       used 14520K, committed 14720K, reserved 1114112K
  class space    used 1612K, committed 1728K, reserved 1048576K
}
Event: 18.764 GC heap after
{Heap after GC invocations=37 (full 0):
 garbage-first heap   total 343040K, used 196981K [0x0000000081c00000, 0x0000000100000000)
  region size 1024K, 3 young (3072K), 3 survivors (3072K)
 Metaspace       used 14520K, committed 14720K, reserved 1114112K
  class space    used 1612K, committed 1728K, reserved 1048576K
}
Event: 18.802 GC heap before
{Heap before GC invocations=38 (full 0):
 garbage-first heap   total 343040K, used 203125K [0x0000000081c00000, 0x0000000100000000)
  region size 1024K, 4 young (4096K), 3 survivors (3072K)
 Metaspace       used 14530K, committed 14720K, reserved 1114112K
  class space    used 1612K, committed 1728K, reserved 1048576K
}
Event: 18.809 GC heap after
{Heap after GC invocations=39 (full 0):
 garbage-first heap   total 343040K, used 196943K [0x0000000081c00000, 0x0000000100000000)
  region size 1024K, 3 young (3072K), 3 survivors (3072K)
 Metaspace       used 14530K, committed 14720K, reserved 1114112K
  class space    used 1612K, committed 1728K, reserved 1048576K
}
Event: 18.853 GC heap before
{Heap before GC invocations=40 (full 0):
 garbage-first heap   total 343040K, used 203087K [0x0000000081c00000, 0x0000000100000000)
  region size 1024K, 4 young (4096K), 3 survivors (3072K)
 Metaspace       used 14540K, committed 14784K, reserved 1114112K
  class space    used 1612K, committed 1728K, reserved 1048576K
}
Event: 18.858 GC heap after
{Heap after GC invocations=41 (full 0):
 garbage-first heap   total 343040K, used 197184K [0x0000000081c00000, 0x0000000100000000)
  region size 1024K, 3 young (3072K), 3 survivors (3072K)
 Metaspace       used 14540K, committed 14784K, reserved 1114112K
  class space    used 1612K, committed 1728K, reserved 1048576K
}
Event: 18.892 GC heap before
{Heap before GC invocations=42 (full 0):
 garbage-first heap   total 343040K, used 203328K [0x0000000081c00000, 0x0000000100000000)
  region size 1024K, 4 young (4096K), 3 survivors (3072K)
 Metaspace       used 14553K, committed 14784K, reserved 1114112K
  class space    used 1612K, committed 1728K, reserved 1048576K
}
Event: 18.896 GC heap after
{Heap after GC invocations=43 (full 0):
 garbage-first heap   total 343040K, used 197078K [0x0000000081c00000, 0x0000000100000000)
  region size 1024K, 3 young (3072K), 3 survivors (3072K)
 Metaspace       used 14553K, committed 14784K, reserved 1114112K
  class space    used 1612K, committed 1728K, reserved 1048576K
}
Event: 18.963 GC heap before
{Heap before GC invocations=44 (full 0):
 garbage-first heap   total 343040K, used 204246K [0x0000000081c00000, 0x0000000100000000)
  region size 1024K, 5 young (5120K), 3 survivors (3072K)
 Metaspace       used 14558K, committed 14784K, reserved 1114112K
  class space    used 1612K, committed 1728K, reserved 1048576K
}
Event: 18.968 GC heap after
{Heap after GC invocations=45 (full 0):
 garbage-first heap   total 343040K, used 197094K [0x0000000081c00000, 0x0000000100000000)
  region size 1024K, 3 young (3072K), 3 survivors (3072K)
 Metaspace       used 14558K, committed 14784K, reserved 1114112K
  class space    used 1612K, committed 1728K, reserved 1048576K
}
Event: 19.003 GC heap before
{Heap before GC invocations=46 (full 0):
 garbage-first heap   total 343040K, used 204262K [0x0000000081c00000, 0x0000000100000000)
  region size 1024K, 5 young (5120K), 3 survivors (3072K)
 Metaspace       used 14561K, committed 14784K, reserved 1114112K
  class space    used 1612K, committed 1728K, reserved 1048576K
}
Event: 19.007 GC heap after
{Heap after GC invocations=47 (full 0):
 garbage-first heap   total 343040K, used 196967K [0x0000000081c00000, 0x0000000100000000)
  region size 1024K, 3 young (3072K), 3 survivors (3072K)
 Metaspace       used 14561K, committed 14784K, reserved 1114112K
  class space    used 1612K, committed 1728K, reserved 1048576K
}
Event: 19.073 GC heap before
{Heap before GC invocations=48 (full 0):
 garbage-first heap   total 343040K, used 209255K [0x0000000081c00000, 0x0000000100000000)
  region size 1024K, 4 young (4096K), 3 survivors (3072K)
 Metaspace       used 14566K, committed 14784K, reserved 1114112K
  class space    used 1612K, committed 1728K, reserved 1048576K
}
Event: 19.077 GC heap after
{Heap after GC invocations=49 (full 0):
 garbage-first heap   total 343040K, used 203372K [0x0000000081c00000, 0x0000000100000000)
  region size 1024K, 2 young (2048K), 2 survivors (2048K)
 Metaspace       used 14566K, committed 14784K, reserved 1114112K
  class space    used 1612K, committed 1728K, reserved 1048576K
}
Event: 19.116 GC heap before
{Heap before GC invocations=50 (full 0):
 garbage-first heap   total 352256K, used 209516K [0x0000000081c00000, 0x0000000100000000)
  region size 1024K, 3 young (3072K), 2 survivors (2048K)
 Metaspace       used 14575K, committed 14784K, reserved 1114112K
  class space    used 1612K, committed 1728K, reserved 1048576K
}

