# JRE version: Java(TM) SE Runtime Environment (17.0.9+11) (build 17.0.9+11-LTS-201)
# Java VM: Java HotSpot(TM) 64-Bit Server VM (17.0.9+11-LTS-201, mixed mode, sharing, tiered, compressed oops, compressed class ptrs, g1 gc, windows-amd64)
GC Precious Log:
 CPUs: 4 total, 4 available
 Memory: 8076M
 Large Page Support: Disabled
 NUMA Support: Disabled
 Compressed Oops: Enabled (32-bit)
 Heap Region Size: 1M
 Heap Min Capacity: 8M
 Heap Initial Capacity: 128M
 Heap Max Capacity: 2020M
 Pre-touch: Disabled
 Parallel Workers: 4
 Concurrent Workers: 1
 Concurrent Refinement Workers: 4
 Periodic GC: Disabled
Heap:
 garbage-first heap   total 599040K, used 226104K [0x0000000081c00000, 0x0000000100000000)
  region size 1024K, 18 young (18432K), 3 survivors (3072K)
 Metaspace       used 15488K, committed 15744K, reserved 1114112K
  class space    used 1643K, committed 1728K, reserved 1048576K
GC Heap History (20 events):
Event: 39.237 GC heap before
{Heap before GC invocations=45 (full 0):
 garbage-first heap   total 373760K, used 222153K [0x0000000081c00000, 0x0000000100000000)
  region size 1024K, 5 young (5120K), 4 survivors (4096K)
 Metaspace       used 14661K, committed 14848K, reserved 1114112K
  class space    used 1610K, committed 1728K, reserved 1048576K
}
Event: 39.242 GC heap after
{Heap after GC invocations=46 (full 0):
 garbage-first heap   total 373760K, used 216153K [0x0000000081c00000, 0x0000000100000000)
  region size 1024K, 4 young (4096K), 4 survivors (4096K)
 Metaspace       used 14661K, committed 14848K, reserved 1114112K
  class space    used 1610K, committed 1728K, reserved 1048576K
}
Event: 39.276 GC heap before
{Heap before GC invocations=47 (full 0):
 garbage-first heap   total 373760K, used 223321K [0x0000000081c00000, 0x0000000100000000)
  region size 1024K, 6 young (6144K), 4 survivors (4096K)
 Metaspace       used 14662K, committed 14848K, reserved 1114112K
  class space    used 1610K, committed 1728K, reserved 1048576K
}
Event: 39.280 GC heap after
{Heap after GC invocations=48 (full 0):
 garbage-first heap   total 373760K, used 216169K [0x0000000081c00000, 0x0000000100000000)
  region size 1024K, 4 young (4096K), 4 survivors (4096K)
 Metaspace       used 14662K, committed 14848K, reserved 1114112K
  class space    used 1610K, committed 1728K, reserved 1048576K
}
Event: 39.320 GC heap before
{Heap before GC invocations=49 (full 0):
 garbage-first heap   total 373760K, used 222313K [0x0000000081c00000, 0x0000000100000000)
  region size 1024K, 5 young (5120K), 4 survivors (4096K)
 Metaspace       used 14664K, committed 14848K, reserved 1114112K
  class space    used 1610K, committed 1728K, reserved 1048576K
}
Event: 39.323 GC heap after
{Heap after GC invocations=50 (full 0):
 garbage-first heap   total 373760K, used 216042K [0x0000000081c00000, 0x0000000100000000)
  region size 1024K, 4 young (4096K), 4 survivors (4096K)
 Metaspace       used 14664K, committed 14848K, reserved 1114112K
  class space    used 1610K, committed 1728K, reserved 1048576K
}
Event: 39.384 GC heap before
{Heap before GC invocations=51 (full 0):
 garbage-first heap   total 373760K, used 222186K [0x0000000081c00000, 0x0000000100000000)
  region size 1024K, 5 young (5120K), 4 survivors (4096K)
 Metaspace       used 14669K, committed 14912K, reserved 1114112K
  class space    used 1610K, committed 1728K, reserved 1048576K
}
Event: 39.388 GC heap after
{Heap after GC invocations=52 (full 0):
 garbage-first heap   total 373760K, used 216244K [0x0000000081c00000, 0x0000000100000000)
  region size 1024K, 3 young (3072K), 3 survivors (3072K)
 Metaspace       used 14669K, committed 14912K, reserved 1114112K
  class space    used 1610K, committed 1728K, reserved 1048576K
}
Event: 39.462 GC heap before
{Heap before GC invocations=53 (full 0):
 garbage-first heap   total 373760K, used 223412K [0x0000000081c00000, 0x0000000100000000)
  region size 1024K, 5 young (5120K), 3 survivors (3072K)
 Metaspace       used 14676K, committed 14912K, reserved 1114112K
  class space    used 1610K, committed 1728K, reserved 1048576K
}
Event: 39.464 GC heap after
{Heap after GC invocations=54 (full 0):
 garbage-first heap   total 373760K, used 216126K [0x0000000081c00000, 0x0000000100000000)
  region size 1024K, 2 young (2048K), 2 survivors (2048K)
 Metaspace       used 14676K, committed 14912K, reserved 1114112K
  class space    used 1610K, committed 1728K, reserved 1048576K
}
Event: 39.542 GC heap before
{Heap before GC invocations=55 (full 0):
 garbage-first heap   total 373760K, used 228414K [0x0000000081c00000, 0x0000000100000000)
  region size 1024K, 3 young (3072K), 2 survivors (2048K)
 Metaspace       used 14695K, committed 14912K, reserved 1114112K
  class space    used 1610K, committed 1728K, reserved 1048576K
}
Event: 39.544 GC heap after
{Heap after GC invocations=56 (full 0):
 garbage-first heap   total 373760K, used 222378K [0x0000000081c00000, 0x0000000100000000)
  region size 1024K, 2 young (2048K), 2 survivors (2048K)
 Metaspace       used 14695K, committed 14912K, reserved 1114112K
  class space    used 1610K, committed 1728K, reserved 1048576K
}
Event: 39.615 GC heap before
{Heap before GC invocations=57 (full 0):
 garbage-first heap   total 384000K, used 234666K [0x0000000081c00000, 0x0000000100000000)
  region size 1024K, 3 young (3072K), 2 survivors (2048K)
 Metaspace       used 14718K, committed 14912K, reserved 1114112K
  class space    used 1610K, committed 1728K, reserved 1048576K
}
Event: 39.618 GC heap after
{Heap after GC invocations=58 (full 0):
 garbage-first heap   total 384000K, used 222366K [0x0000000081c00000, 0x0000000100000000)
  region size 1024K, 1 young (1024K), 1 survivors (1024K)
 Metaspace       used 14718K, committed 14912K, reserved 1114112K
  class space    used 1610K, committed 1728K, reserved 1048576K
}
Event: 39.705 GC heap before
{Heap before GC invocations=59 (full 0):
 garbage-first heap   total 384000K, used 234654K [0x0000000081c00000, 0x0000000100000000)
  region size 1024K, 2 young (2048K), 1 survivors (1024K)
 Metaspace       used 14729K, committed 14976K, reserved 1114112K
  class space    used 1610K, committed 1728K, reserved 1048576K
}
Event: 39.707 GC heap after
{Heap after GC invocations=60 (full 0):
 garbage-first heap   total 384000K, used 222369K [0x0000000081c00000, 0x0000000100000000)
  region size 1024K, 1 young (1024K), 1 survivors (1024K)
 Metaspace       used 14729K, committed 14976K, reserved 1114112K
  class space    used 1610K, committed 1728K, reserved 1048576K
}
Event: 43.239 GC heap before
{Heap before GC invocations=61 (full 0):
 garbage-first heap   total 596992K, used 594081K [0x0000000081c00000, 0x0000000100000000)
  region size 1024K, 11 young (11264K), 1 survivors (1024K)
 Metaspace       used 15031K, committed 15232K, reserved 1114112K
  class space    used 1630K, committed 1728K, reserved 1048576K
}
Event: 43.243 GC heap after
{Heap after GC invocations=62 (full 0):
 garbage-first heap   total 598016K, used 573284K [0x0000000081c00000, 0x0000000100000000)
  region size 1024K, 2 young (2048K), 2 survivors (2048K)
 Metaspace       used 15031K, committed 15232K, reserved 1114112K
  class space    used 1630K, committed 1728K, reserved 1048576K
}
Event: 50.714 GC heap before
{Heap before GC invocations=62 (full 0):
 garbage-first heap   total 598016K, used 592740K [0x0000000081c00000, 0x0000000100000000)
  region size 1024K, 22 young (22528K), 2 survivors (2048K)
 Metaspace       used 15208K, committed 15360K, reserved 1114112K
  class space    used 1637K, committed 1728K, reserved 1048576K
}
Event: 50.731 GC heap after
{Heap after GC invocations=63 (full 0):
 garbage-first heap   total 599040K, used 211768K [0x0000000081c00000, 0x0000000100000000)
  region size 1024K, 3 young (3072K), 3 survivors (3072K)
 Metaspace       used 15208K, committed 15360K, reserved 1114112K
  class space    used 1637K, committed 1728K, reserved 1048576K
}

