# JRE version: Java(TM) SE Runtime Environment (17.0.9+11) (build 17.0.9+11-LTS-201)
# Java VM: Java HotSpot(TM) 64-Bit Server VM (17.0.9+11-LTS-201, mixed mode, sharing, tiered, compressed oops, compressed class ptrs, g1 gc, windows-amd64)
GC Precious Log:
 CPUs: 4 total, 4 available
 Memory: 8076M
 Large Page Support: Disabled
 NUMA Support: Disabled
 Compressed Oops: Enabled (32-bit)
 Heap Region Size: 1M
 Heap Min Capacity: 8M
 Heap Initial Capacity: 128M
 Heap Max Capacity: 2020M
 Pre-touch: Disabled
 Parallel Workers: 4
 Concurrent Workers: 1
 Concurrent Refinement Workers: 4
 Periodic GC: Disabled
Heap:
 garbage-first heap   total 350208K, used 193767K [0x0000000081c00000, 0x0000000100000000)
  region size 1024K, 1 young (1024K), 1 survivors (1024K)
 Metaspace       used 14688K, committed 14912K, reserved 1114112K
  class space    used 1611K, committed 1728K, reserved 1048576K
GC Heap History (20 events):
Event: 14.891 GC heap after
{Heap after GC invocations=67 (full 0):
 garbage-first heap   total 348160K, used 193753K [0x0000000081c00000, 0x0000000100000000)
  region size 1024K, 1 young (1024K), 1 survivors (1024K)
 Metaspace       used 14631K, committed 14848K, reserved 1114112K
  class space    used 1611K, committed 1728K, reserved 1048576K
}
Event: 14.975 GC heap before
{Heap before GC invocations=68 (full 0):
 garbage-first heap   total 348160K, used 206041K [0x0000000081c00000, 0x0000000100000000)
  region size 1024K, 2 young (2048K), 1 survivors (1024K)
 Metaspace       used 14639K, committed 14848K, reserved 1114112K
  class space    used 1611K, committed 1728K, reserved 1048576K
}
Event: 14.977 GC heap after
{Heap after GC invocations=69 (full 0):
 garbage-first heap   total 348160K, used 199901K [0x0000000081c00000, 0x0000000100000000)
  region size 1024K, 1 young (1024K), 1 survivors (1024K)
 Metaspace       used 14639K, committed 14848K, reserved 1114112K
  class space    used 1611K, committed 1728K, reserved 1048576K
}
Event: 15.039 GC heap before
{Heap before GC invocations=70 (full 0):
 garbage-first heap   total 348160K, used 207069K [0x0000000081c00000, 0x0000000100000000)
  region size 1024K, 3 young (3072K), 1 survivors (1024K)
 Metaspace       used 14641K, committed 14912K, reserved 1114112K
  class space    used 1611K, committed 1728K, reserved 1048576K
}
Event: 15.041 GC heap after
{Heap after GC invocations=71 (full 0):
 garbage-first heap   total 348160K, used 193759K [0x0000000081c00000, 0x0000000100000000)
  region size 1024K, 1 young (1024K), 1 survivors (1024K)
 Metaspace       used 14641K, committed 14912K, reserved 1114112K
  class space    used 1611K, committed 1728K, reserved 1048576K
}
Event: 15.130 GC heap before
{Heap before GC invocations=72 (full 0):
 garbage-first heap   total 348160K, used 206047K [0x0000000081c00000, 0x0000000100000000)
  region size 1024K, 2 young (2048K), 1 survivors (1024K)
 Metaspace       used 14655K, committed 14912K, reserved 1114112K
  class space    used 1611K, committed 1728K, reserved 1048576K
}
Event: 15.131 GC heap after
{Heap after GC invocations=73 (full 0):
 garbage-first heap   total 348160K, used 199903K [0x0000000081c00000, 0x0000000100000000)
  region size 1024K, 1 young (1024K), 1 survivors (1024K)
 Metaspace       used 14655K, committed 14912K, reserved 1114112K
  class space    used 1611K, committed 1728K, reserved 1048576K
}
Event: 15.224 GC heap before
{Heap before GC invocations=74 (full 0):
 garbage-first heap   total 350208K, used 213215K [0x0000000081c00000, 0x0000000100000000)
  region size 1024K, 3 young (3072K), 1 survivors (1024K)
 Metaspace       used 14658K, committed 14912K, reserved 1114112K
  class space    used 1611K, committed 1728K, reserved 1048576K
}
Event: 15.225 GC heap after
{Heap after GC invocations=75 (full 0):
 garbage-first heap   total 350208K, used 199904K [0x0000000081c00000, 0x0000000100000000)
  region size 1024K, 1 young (1024K), 1 survivors (1024K)
 Metaspace       used 14658K, committed 14912K, reserved 1114112K
  class space    used 1611K, committed 1728K, reserved 1048576K
}
Event: 15.309 GC heap before
{Heap before GC invocations=76 (full 0):
 garbage-first heap   total 350208K, used 212192K [0x0000000081c00000, 0x0000000100000000)
  region size 1024K, 2 young (2048K), 1 survivors (1024K)
 Metaspace       used 14663K, committed 14912K, reserved 1114112K
  class space    used 1611K, committed 1728K, reserved 1048576K
}
Event: 15.310 GC heap after
{Heap after GC invocations=77 (full 0):
 garbage-first heap   total 350208K, used 199904K [0x0000000081c00000, 0x0000000100000000)
  region size 1024K, 1 young (1024K), 1 survivors (1024K)
 Metaspace       used 14663K, committed 14912K, reserved 1114112K
  class space    used 1611K, committed 1728K, reserved 1048576K
}
Event: 15.360 GC heap before
{Heap before GC invocations=78 (full 0):
 garbage-first heap   total 350208K, used 206048K [0x0000000081c00000, 0x0000000100000000)
  region size 1024K, 2 young (2048K), 1 survivors (1024K)
 Metaspace       used 14667K, committed 14912K, reserved 1114112K
  class space    used 1611K, committed 1728K, reserved 1048576K
}
Event: 15.361 GC heap after
{Heap after GC invocations=79 (full 0):
 garbage-first heap   total 350208K, used 193760K [0x0000000081c00000, 0x0000000100000000)
  region size 1024K, 1 young (1024K), 1 survivors (1024K)
 Metaspace       used 14667K, committed 14912K, reserved 1114112K
  class space    used 1611K, committed 1728K, reserved 1048576K
}
Event: 15.396 GC heap before
{Heap before GC invocations=80 (full 0):
 garbage-first heap   total 350208K, used 199904K [0x0000000081c00000, 0x0000000100000000)
  region size 1024K, 2 young (2048K), 1 survivors (1024K)
 Metaspace       used 14672K, committed 14912K, reserved 1114112K
  class space    used 1611K, committed 1728K, reserved 1048576K
}
Event: 15.398 GC heap after
{Heap after GC invocations=81 (full 0):
 garbage-first heap   total 350208K, used 193764K [0x0000000081c00000, 0x0000000100000000)
  region size 1024K, 1 young (1024K), 1 survivors (1024K)
 Metaspace       used 14672K, committed 14912K, reserved 1114112K
  class space    used 1611K, committed 1728K, reserved 1048576K
}
Event: 15.442 GC heap before
{Heap before GC invocations=82 (full 0):
 garbage-first heap   total 350208K, used 199908K [0x0000000081c00000, 0x0000000100000000)
  region size 1024K, 2 young (2048K), 1 survivors (1024K)
 Metaspace       used 14685K, committed 14912K, reserved 1114112K
  class space    used 1611K, committed 1728K, reserved 1048576K
}
Event: 15.443 GC heap after
{Heap after GC invocations=83 (full 0):
 garbage-first heap   total 350208K, used 193765K [0x0000000081c00000, 0x0000000100000000)
  region size 1024K, 1 young (1024K), 1 survivors (1024K)
 Metaspace       used 14685K, committed 14912K, reserved 1114112K
  class space    used 1611K, committed 1728K, reserved 1048576K
}
Event: 15.514 GC heap before
{Heap before GC invocations=84 (full 0):
 garbage-first heap   total 350208K, used 199909K [0x0000000081c00000, 0x0000000100000000)
  region size 1024K, 2 young (2048K), 1 survivors (1024K)
 Metaspace       used 14686K, committed 14912K, reserved 1114112K
  class space    used 1611K, committed 1728K, reserved 1048576K
}
Event: 15.515 GC heap after
{Heap after GC invocations=85 (full 0):
 garbage-first heap   total 350208K, used 193765K [0x0000000081c00000, 0x0000000100000000)
  region size 1024K, 1 young (1024K), 1 survivors (1024K)
 Metaspace       used 14686K, committed 14912K, reserved 1114112K
  class space    used 1611K, committed 1728K, reserved 1048576K
}
Event: 15.557 GC heap before
{Heap before GC invocations=86 (full 0):
 garbage-first heap   total 350208K, used 200933K [0x0000000081c00000, 0x0000000100000000)
  region size 1024K, 3 young (3072K), 1 survivors (1024K)
 Metaspace       used 14688K, committed 14912K, reserved 1114112K
  class space    used 1611K, committed 1728K, reserved 1048576K
}

